# JRE version: Java(TM) SE Runtime Environment (8.0_71-b15) (build 1.8.0_71-b15)
# Java VM: Java HotSpot(TM) 64-Bit Server VM (25.71-b15 mixed mode bsd-amd64 compressed oops)
Heap:
 PSYoungGen      total 39936K, used 22065K [0x0000000795580000, 0x0000000798b00000, 0x00000007c0000000)
  eden space 27136K, 60% used [0x0000000795580000,0x000000079659c5a0,0x0000000797000000)
  from space 12800K, 43% used [0x0000000797e80000,0x00000007983f0150,0x0000000798b00000)
  to   space 13824K, 0% used [0x0000000797000000,0x0000000797000000,0x0000000797d80000)
 ParOldGen       total 87552K, used 53053K [0x0000000740000000, 0x0000000745580000, 0x0000000795580000)
  object space 87552K, 60% used [0x0000000740000000,0x00000007433cf770,0x0000000745580000)
 Metaspace       used 19658K, capacity 19899K, committed 20224K, reserved 1067008K
  class space    used 1893K, capacity 1982K, committed 2048K, reserved 1048576K
GC Heap History (10 events):
Event: 41.795 GC heap before
{Heap before GC invocations=12 (full 0):
 PSYoungGen      total 34304K, used 34240K [0x0000000795580000, 0x0000000798f80000, 0x00000007c0000000)
  eden space 29696K, 100% used [0x0000000795580000,0x0000000797280000,0x0000000797280000)
  from space 4608K, 98% used [0x0000000797300000,0x0000000797770110,0x0000000797780000)
  to   space 14848K, 0% used [0x0000000798100000,0x0000000798100000,0x0000000798f80000)
 ParOldGen       total 87552K, used 38652K [0x0000000740000000, 0x0000000745580000, 0x0000000795580000)
  object space 87552K, 44% used [0x0000000740000000,0x00000007425bf340,0x0000000745580000)
 Metaspace       used 19606K, capacity 19835K, committed 19968K, reserved 1067008K
  class space    used 1885K, capacity 1982K, committed 2048K, reserved 1048576K
Event: 41.799 GC heap after
Heap after GC invocations=12 (full 0):
 PSYoungGen      total 43520K, used 4256K [0x0000000795580000, 0x0000000798f00000, 0x00000007c0000000)
  eden space 29184K, 0% used [0x0000000795580000,0x0000000795580000,0x0000000797200000)
  from space 14336K, 29% used [0x0000000798100000,0x0000000798528100,0x0000000798f00000)
  to   space 14848K, 0% used [0x0000000797200000,0x0000000797200000,0x0000000798080000)
 ParOldGen       total 87552K, used 42013K [0x0000000740000000, 0x0000000745580000, 0x0000000795580000)
  object space 87552K, 47% used [0x0000000740000000,0x0000000742907410,0x0000000745580000)
 Metaspace       used 19606K, capacity 19835K, committed 19968K, reserved 1067008K
  class space    used 1885K, capacity 1982K, committed 2048K, reserved 1048576K
}
Event: 51.225 GC heap before
{Heap before GC invocations=13 (full 0):
 PSYoungGen      total 43520K, used 33339K [0x0000000795580000, 0x0000000798f00000, 0x00000007c0000000)
  eden space 29184K, 99% used [0x0000000795580000,0x00000007971e6d28,0x0000000797200000)
  from space 14336K, 29% used [0x0000000798100000,0x0000000798528100,0x0000000798f00000)
  to   space 14848K, 0% used [0x0000000797200000,0x0000000797200000,0x0000000798080000)
 ParOldGen       total 87552K, used 42013K [0x0000000740000000, 0x0000000745580000, 0x0000000795580000)
  object space 87552K, 47% used [0x0000000740000000,0x0000000742907410,0x0000000745580000)
 Metaspace       used 19610K, capacity 19835K, committed 19968K, reserved 1067008K
  class space    used 1885K, capacity 1982K, committed 2048K, reserved 1048576K
Event: 51.229 GC heap after
Heap after GC invocations=13 (full 0):
 PSYoungGen      total 43520K, used 1296K [0x0000000795580000, 0x0000000798f80000, 0x00000007c0000000)
  eden space 28672K, 0% used [0x0000000795580000,0x0000000795580000,0x0000000797180000)
  from space 14848K, 8% used [0x0000000797200000,0x0000000797344070,0x0000000798080000)
  to   space 15360K, 0% used [0x0000000798080000,0x0000000798080000,0x0000000798f80000)
 ParOldGen       total 87552K, used 46149K [0x0000000740000000, 0x0000000745580000, 0x0000000795580000)
  object space 87552K, 52% used [0x0000000740000000,0x0000000742d11510,0x0000000745580000)
 Metaspace       used 19610K, capacity 19835K, committed 19968K, reserved 1067008K
  class space    used 1885K, capacity 1982K, committed 2048K, reserved 1048576K
}
Event: 51.824 GC heap before
{Heap before GC invocations=14 (full 0):
 PSYoungGen      total 43520K, used 29857K [0x0000000795580000, 0x0000000798f80000, 0x00000007c0000000)
  eden space 28672K, 99% used [0x0000000795580000,0x0000000797164670,0x0000000797180000)
  from space 14848K, 8% used [0x0000000797200000,0x0000000797344070,0x0000000798080000)
  to   space 15360K, 0% used [0x0000000798080000,0x0000000798080000,0x0000000798f80000)
 ParOldGen       total 87552K, used 46149K [0x0000000740000000, 0x0000000745580000, 0x0000000795580000)
  object space 87552K, 52% used [0x0000000740000000,0x0000000742d11510,0x0000000745580000)
 Metaspace       used 19618K, capacity 19835K, committed 19968K, reserved 1067008K
  class space    used 1885K, capacity 1982K, committed 2048K, reserved 1048576K
Event: 51.826 GC heap after
Heap after GC invocations=14 (full 0):
 PSYoungGen      total 41984K, used 5792K [0x0000000795580000, 0x0000000798e00000, 0x00000007c0000000)
  eden space 28160K, 0% used [0x0000000795580000,0x0000000795580000,0x0000000797100000)
  from space 13824K, 41% used [0x0000000798080000,0x0000000798628160,0x0000000798e00000)
  to   space 14848K, 0% used [0x0000000797100000,0x0000000797100000,0x0000000797f80000)
 ParOldGen       total 87552K, used 46325K [0x0000000740000000, 0x0000000745580000, 0x0000000795580000)
  object space 87552K, 52% used [0x0000000740000000,0x0000000742d3d5d0,0x0000000745580000)
 Metaspace       used 19618K, capacity 19835K, committed 19968K, reserved 1067008K
  class space    used 1885K, capacity 1982K, committed 2048K, reserved 1048576K
}
Event: 56.914 GC heap before
{Heap before GC invocations=15 (full 0):
 PSYoungGen      total 41984K, used 33806K [0x0000000795580000, 0x0000000798e00000, 0x00000007c0000000)
  eden space 28160K, 99% used [0x0000000795580000,0x00000007970db828,0x0000000797100000)
  from space 13824K, 41% used [0x0000000798080000,0x0000000798628160,0x0000000798e00000)
  to   space 14848K, 0% used [0x0000000797100000,0x0000000797100000,0x0000000797f80000)
 ParOldGen       total 87552K, used 46325K [0x0000000740000000, 0x0000000745580000, 0x0000000795580000)
  object space 87552K, 52% used [0x0000000740000000,0x0000000742d3d5d0,0x0000000745580000)
 Metaspace       used 19622K, capacity 19899K, committed 20224K, reserved 1067008K
  class space    used 1885K, capacity 1982K, committed 2048K, reserved 1048576K
Event: 56.920 GC heap after
Heap after GC invocations=15 (full 0):
 PSYoungGen      total 31232K, used 3264K [0x0000000795580000, 0x0000000798c80000, 0x00000007c0000000)
  eden space 27648K, 0% used [0x0000000795580000,0x0000000795580000,0x0000000797080000)
  from space 3584K, 91% used [0x0000000797100000,0x00000007974300c0,0x0000000797480000)
  to   space 14336K, 0% used [0x0000000797e80000,0x0000000797e80000,0x0000000798c80000)
 ParOldGen       total 87552K, used 50709K [0x0000000740000000, 0x0000000745580000, 0x0000000795580000)
  object space 87552K, 57% used [0x0000000740000000,0x00000007431856e0,0x0000000745580000)
 Metaspace       used 19622K, capacity 19899K, committed 20224K, reserved 1067008K
  class space    used 1885K, capacity 1982K, committed 2048K, reserved 1048576K
}
Event: 57.421 GC heap before
{Heap before GC invocations=16 (full 0):
 PSYoungGen      total 31232K, used 30681K [0x0000000795580000, 0x0000000798c80000, 0x00000007c0000000)
  eden space 27648K, 99% used [0x0000000795580000,0x00000007970465c0,0x0000000797080000)
  from space 3584K, 91% used [0x0000000797100000,0x00000007974300c0,0x0000000797480000)
  to   space 14336K, 0% used [0x0000000797e80000,0x0000000797e80000,0x0000000798c80000)
 ParOldGen       total 87552K, used 50709K [0x0000000740000000, 0x0000000745580000, 0x0000000795580000)
  object space 87552K, 57% used [0x0000000740000000,0x00000007431856e0,0x0000000745580000)
 Metaspace       used 19623K, capacity 19899K, committed 20224K, reserved 1067008K
  class space    used 1885K, capacity 1982K, committed 2048K, reserved 1048576K
Event: 57.424 GC heap after
Heap after GC invocations=16 (full 0):
 PSYoungGen      total 39936K, used 5568K [0x0000000795580000, 0x0000000798b00000, 0x00000007c0000000)
  eden space 27136K, 0% used [0x0000000795580000,0x0000000795580000,0x0000000797000000)
  from space 12800K, 43% used [0x0000000797e80000,0x00000007983f0150,0x0000000798b00000)
  to   space 13824K, 0% used [0x0000000797000000,0x0000000797000000,0x0000000797d80000)
 ParOldGen       total 87552K, used 53053K [0x0000000740000000, 0x0000000745580000, 0x0000000795580000)
  object space 87552K, 60% used [0x0000000740000000,0x00000007433cf770,0x0000000745580000)
 Metaspace       used 19623K, capacity 19899K, committed 20224K, reserved 1067008K
  class space    used 1885K, capacity 1982K, committed 2048K, reserved 1048576K
}

